<?xml version="1.0" encoding="UTF-8"?>
<!-- Generated by org.testng.reporters.JUnitReportReporter -->
<testsuite skipped="0" hostname="DILIPKUMAR" name="com.zoopla.tests.PropertyDtilPageTest" tests="1" failures="0" timestamp="19 Apr 2019 15:00:56 GMT" time="33.816" errors="0">
  <testcase name="getAgentdetailsTest" time="33.816" classname="com.zoopla.tests.PropertyDtilPageTest"/>
</testsuite> <!-- com.zoopla.tests.PropertyDtilPageTest -->
