<?xml version="1.0" encoding="UTF-8"?>
<!-- Generated by org.testng.reporters.JUnitReportReporter -->
<testsuite skipped="0" hostname="DILIPKUMAR" name="com.zoopla.tests.ForSalePageTest" tests="1" failures="0" timestamp="19 Apr 2019 15:00:56 GMT" time="36.713" errors="0">
  <testcase name="getAllPropertiesPriceReverseTest" time="36.713" classname="com.zoopla.tests.ForSalePageTest"/>
</testsuite> <!-- com.zoopla.tests.ForSalePageTest -->
