<?xml version="1.0" encoding="UTF-8"?>
<!-- Generated by org.testng.reporters.JUnitReportReporter -->
<testsuite skipped="0" hostname="DILIPKUMAR" name="com.zoopla.tests.AgentPageTest" tests="1" failures="0" timestamp="19 Apr 2019 15:00:56 GMT" time="39.199" errors="0">
  <testcase name="verifyAgentNameTest" time="39.199" classname="com.zoopla.tests.AgentPageTest"/>
</testsuite> <!-- com.zoopla.tests.AgentPageTest -->
